nohup: ignorando entrada
2019-06-17 23:42:58.386+0000 WARN  You are using an unsupported version of the Java runtime. Please use Oracle(R) Java(TM) Runtime Environment 8, OpenJDK(TM) 8 or IBM J9.
2019-06-17 23:42:58.396+0000 INFO  ======== Neo4j 3.5.6 ========
2019-06-17 23:42:58.404+0000 INFO  Starting...
WARNING: An illegal reflective access operation has occurred
WARNING: Illegal reflective access by org.eclipse.collections.impl.utility.ArrayListIterate (file:/home/fabiofreire/Penas_SI/fiocruz/neo4j-community-3.5.6/lib/eclipse-collections-9.2.0.jar) to field java.util.ArrayList.elementData
WARNING: Please consider reporting this to the maintainers of org.eclipse.collections.impl.utility.ArrayListIterate
WARNING: Use --illegal-access=warn to enable warnings of further illegal reflective access operations
WARNING: All illegal access operations will be denied in a future release
2019-06-17 23:43:01.387+0000 ERROR Failed to start Neo4j: Starting Neo4j failed: Component 'org.neo4j.server.database.LifecycleManagingDatabase@32d5279' was successfully initialized, but failed to start. Please see the attached cause exception "Address 127.0.0.1:7687 is already in use, cannot bind to it.". Starting Neo4j failed: Component 'org.neo4j.server.database.LifecycleManagingDatabase@32d5279' was successfully initialized, but failed to start. Please see the attached cause exception "Address 127.0.0.1:7687 is already in use, cannot bind to it.".
org.neo4j.server.ServerStartupException: Starting Neo4j failed: Component 'org.neo4j.server.database.LifecycleManagingDatabase@32d5279' was successfully initialized, but failed to start. Please see the attached cause exception "Address 127.0.0.1:7687 is already in use, cannot bind to it.".
	at org.neo4j.server.exception.ServerStartupErrors.translateToServerStartupError(ServerStartupErrors.java:45)
	at org.neo4j.server.AbstractNeoServer.start(AbstractNeoServer.java:187)
	at org.neo4j.server.ServerBootstrapper.start(ServerBootstrapper.java:124)
	at org.neo4j.server.ServerBootstrapper.start(ServerBootstrapper.java:91)
	at org.neo4j.server.CommunityEntryPoint.main(CommunityEntryPoint.java:32)
Caused by: org.neo4j.kernel.lifecycle.LifecycleException: Component 'org.neo4j.server.database.LifecycleManagingDatabase@32d5279' was successfully initialized, but failed to start. Please see the attached cause exception "Address 127.0.0.1:7687 is already in use, cannot bind to it.".
	at org.neo4j.kernel.lifecycle.LifeSupport$LifecycleInstance.start(LifeSupport.java:473)
	at org.neo4j.kernel.lifecycle.LifeSupport.start(LifeSupport.java:111)
	at org.neo4j.server.AbstractNeoServer.start(AbstractNeoServer.java:180)
	... 3 more
Caused by: java.lang.RuntimeException: Error starting org.neo4j.graphdb.facade.GraphDatabaseFacadeFactory, /home/fabiofreire/Penas_SI/fiocruz/neo4j-community-3.5.6/data/databases
	at org.neo4j.graphdb.facade.GraphDatabaseFacadeFactory.initFacade(GraphDatabaseFacadeFactory.java:230)
	at org.neo4j.graphdb.facade.GraphDatabaseFacadeFactory.newFacade(GraphDatabaseFacadeFactory.java:146)
	at org.neo4j.server.database.CommunityGraphFactory.newGraphDatabase(CommunityGraphFactory.java:41)
	at org.neo4j.server.database.LifecycleManagingDatabase.start(LifecycleManagingDatabase.java:90)
	at org.neo4j.kernel.lifecycle.LifeSupport$LifecycleInstance.start(LifeSupport.java:452)
	... 5 more
Caused by: org.neo4j.kernel.lifecycle.LifecycleException: Component 'org.neo4j.bolt.transport.NettyServer@6bcb12e6' was successfully initialized, but failed to start. Please see the attached cause exception "Address 127.0.0.1:7687 is already in use, cannot bind to it.".
	at org.neo4j.kernel.lifecycle.LifeSupport$LifecycleInstance.start(LifeSupport.java:473)
	at org.neo4j.kernel.lifecycle.LifeSupport.start(LifeSupport.java:111)
	at org.neo4j.bolt.BoltServer.start(BoltServer.java:129)
	at org.neo4j.kernel.lifecycle.LifeSupport$LifecycleInstance.start(LifeSupport.java:452)
	at org.neo4j.kernel.lifecycle.LifeSupport.start(LifeSupport.java:111)
	at org.neo4j.graphdb.facade.GraphDatabaseFacadeFactory.initFacade(GraphDatabaseFacadeFactory.java:225)
	... 9 more
Caused by: org.neo4j.helpers.PortBindException: Address 127.0.0.1:7687 is already in use, cannot bind to it.
	at io.netty.channel.unix.Errors.newIOException(Errors.java:122)
	at io.netty.channel.unix.Socket.bind(Socket.java:287)
	at io.netty.channel.epoll.AbstractEpollChannel.doBind(AbstractEpollChannel.java:684)
	at io.netty.channel.epoll.EpollServerSocketChannel.doBind(EpollServerSocketChannel.java:70)
	at io.netty.channel.AbstractChannel$AbstractUnsafe.bind(AbstractChannel.java:562)
	at io.netty.channel.DefaultChannelPipeline$HeadContext.bind(DefaultChannelPipeline.java:1358)
	at io.netty.channel.AbstractChannelHandlerContext.invokeBind(AbstractChannelHandlerContext.java:501)
	at io.netty.channel.AbstractChannelHandlerContext.bind(AbstractChannelHandlerContext.java:486)
	at io.netty.channel.DefaultChannelPipeline.bind(DefaultChannelPipeline.java:1019)
	at io.netty.channel.AbstractChannel.bind(AbstractChannel.java:258)
	at io.netty.bootstrap.AbstractBootstrap$2.run(AbstractBootstrap.java:366)
	at io.netty.util.concurrent.AbstractEventExecutor.safeExecute(AbstractEventExecutor.java:163)
	at io.netty.util.concurrent.SingleThreadEventExecutor.runAllTasks(SingleThreadEventExecutor.java:404)
	at io.netty.channel.epoll.EpollEventLoop.run(EpollEventLoop.java:335)
	at io.netty.util.concurrent.SingleThreadEventExecutor$5.run(SingleThreadEventExecutor.java:909)
	at java.base/java.lang.Thread.run(Thread.java:834)
2019-06-17 23:43:01.388+0000 INFO  Neo4j Server shutdown initiated by request
nohup: ignorando entrada
2019-06-17 23:48:39.865+0000 WARN  You are using an unsupported version of the Java runtime. Please use Oracle(R) Java(TM) Runtime Environment 8, OpenJDK(TM) 8 or IBM J9.
2019-06-17 23:48:39.875+0000 INFO  ======== Neo4j 3.5.6 ========
2019-06-17 23:48:39.884+0000 INFO  Starting...
WARNING: An illegal reflective access operation has occurred
WARNING: Illegal reflective access by org.eclipse.collections.impl.utility.ArrayListIterate (file:/home/fabiofreire/Penas_SI/fiocruz/neo4j-community-3.5.6/lib/eclipse-collections-9.2.0.jar) to field java.util.ArrayList.elementData
WARNING: Please consider reporting this to the maintainers of org.eclipse.collections.impl.utility.ArrayListIterate
WARNING: Use --illegal-access=warn to enable warnings of further illegal reflective access operations
WARNING: All illegal access operations will be denied in a future release
2019-06-17 23:48:42.391+0000 ERROR Failed to start Neo4j: Starting Neo4j failed: Component 'org.neo4j.server.database.LifecycleManagingDatabase@b0a1231' was successfully initialized, but failed to start. Please see the attached cause exception "Address 127.0.0.1:7687 is already in use, cannot bind to it.". Starting Neo4j failed: Component 'org.neo4j.server.database.LifecycleManagingDatabase@b0a1231' was successfully initialized, but failed to start. Please see the attached cause exception "Address 127.0.0.1:7687 is already in use, cannot bind to it.".
org.neo4j.server.ServerStartupException: Starting Neo4j failed: Component 'org.neo4j.server.database.LifecycleManagingDatabase@b0a1231' was successfully initialized, but failed to start. Please see the attached cause exception "Address 127.0.0.1:7687 is already in use, cannot bind to it.".
	at org.neo4j.server.exception.ServerStartupErrors.translateToServerStartupError(ServerStartupErrors.java:45)
	at org.neo4j.server.AbstractNeoServer.start(AbstractNeoServer.java:187)
	at org.neo4j.server.ServerBootstrapper.start(ServerBootstrapper.java:124)
	at org.neo4j.server.ServerBootstrapper.start(ServerBootstrapper.java:91)
	at org.neo4j.server.CommunityEntryPoint.main(CommunityEntryPoint.java:32)
Caused by: org.neo4j.kernel.lifecycle.LifecycleException: Component 'org.neo4j.server.database.LifecycleManagingDatabase@b0a1231' was successfully initialized, but failed to start. Please see the attached cause exception "Address 127.0.0.1:7687 is already in use, cannot bind to it.".
	at org.neo4j.kernel.lifecycle.LifeSupport$LifecycleInstance.start(LifeSupport.java:473)
	at org.neo4j.kernel.lifecycle.LifeSupport.start(LifeSupport.java:111)
	at org.neo4j.server.AbstractNeoServer.start(AbstractNeoServer.java:180)
	... 3 more
Caused by: java.lang.RuntimeException: Error starting org.neo4j.graphdb.facade.GraphDatabaseFacadeFactory, /home/fabiofreire/Penas_SI/fiocruz/neo4j-community-3.5.6/data/databases
	at org.neo4j.graphdb.facade.GraphDatabaseFacadeFactory.initFacade(GraphDatabaseFacadeFactory.java:230)
	at org.neo4j.graphdb.facade.GraphDatabaseFacadeFactory.newFacade(GraphDatabaseFacadeFactory.java:146)
	at org.neo4j.server.database.CommunityGraphFactory.newGraphDatabase(CommunityGraphFactory.java:41)
	at org.neo4j.server.database.LifecycleManagingDatabase.start(LifecycleManagingDatabase.java:90)
	at org.neo4j.kernel.lifecycle.LifeSupport$LifecycleInstance.start(LifeSupport.java:452)
	... 5 more
Caused by: org.neo4j.kernel.lifecycle.LifecycleException: Component 'org.neo4j.bolt.transport.NettyServer@1db7157f' was successfully initialized, but failed to start. Please see the attached cause exception "Address 127.0.0.1:7687 is already in use, cannot bind to it.".
	at org.neo4j.kernel.lifecycle.LifeSupport$LifecycleInstance.start(LifeSupport.java:473)
	at org.neo4j.kernel.lifecycle.LifeSupport.start(LifeSupport.java:111)
	at org.neo4j.bolt.BoltServer.start(BoltServer.java:129)
	at org.neo4j.kernel.lifecycle.LifeSupport$LifecycleInstance.start(LifeSupport.java:452)
	at org.neo4j.kernel.lifecycle.LifeSupport.start(LifeSupport.java:111)
	at org.neo4j.graphdb.facade.GraphDatabaseFacadeFactory.initFacade(GraphDatabaseFacadeFactory.java:225)
	... 9 more
Caused by: org.neo4j.helpers.PortBindException: Address 127.0.0.1:7687 is already in use, cannot bind to it.
	at io.netty.channel.unix.Errors.newIOException(Errors.java:122)
	at io.netty.channel.unix.Socket.bind(Socket.java:287)
	at io.netty.channel.epoll.AbstractEpollChannel.doBind(AbstractEpollChannel.java:684)
	at io.netty.channel.epoll.EpollServerSocketChannel.doBind(EpollServerSocketChannel.java:70)
	at io.netty.channel.AbstractChannel$AbstractUnsafe.bind(AbstractChannel.java:562)
	at io.netty.channel.DefaultChannelPipeline$HeadContext.bind(DefaultChannelPipeline.java:1358)
	at io.netty.channel.AbstractChannelHandlerContext.invokeBind(AbstractChannelHandlerContext.java:501)
	at io.netty.channel.AbstractChannelHandlerContext.bind(AbstractChannelHandlerContext.java:486)
	at io.netty.channel.DefaultChannelPipeline.bind(DefaultChannelPipeline.java:1019)
	at io.netty.channel.AbstractChannel.bind(AbstractChannel.java:258)
	at io.netty.bootstrap.AbstractBootstrap$2.run(AbstractBootstrap.java:366)
	at io.netty.util.concurrent.AbstractEventExecutor.safeExecute(AbstractEventExecutor.java:163)
	at io.netty.util.concurrent.SingleThreadEventExecutor.runAllTasks(SingleThreadEventExecutor.java:404)
	at io.netty.channel.epoll.EpollEventLoop.run(EpollEventLoop.java:335)
	at io.netty.util.concurrent.SingleThreadEventExecutor$5.run(SingleThreadEventExecutor.java:909)
	at java.base/java.lang.Thread.run(Thread.java:834)
2019-06-17 23:48:42.391+0000 INFO  Neo4j Server shutdown initiated by request
nohup: ignorando entrada
2019-06-17 23:52:29.790+0000 WARN  You are using an unsupported version of the Java runtime. Please use Oracle(R) Java(TM) Runtime Environment 8, OpenJDK(TM) 8 or IBM J9.
2019-06-17 23:52:29.799+0000 INFO  ======== Neo4j 3.5.6 ========
2019-06-17 23:52:29.809+0000 INFO  Starting...
WARNING: An illegal reflective access operation has occurred
WARNING: Illegal reflective access by org.eclipse.collections.impl.utility.ArrayListIterate (file:/home/fabiofreire/Penas_SI/fiocruz/neo4j-community-3.5.6/lib/eclipse-collections-9.2.0.jar) to field java.util.ArrayList.elementData
WARNING: Please consider reporting this to the maintainers of org.eclipse.collections.impl.utility.ArrayListIterate
WARNING: Use --illegal-access=warn to enable warnings of further illegal reflective access operations
WARNING: All illegal access operations will be denied in a future release
2019-06-17 23:52:32.109+0000 ERROR Failed to start Neo4j: Starting Neo4j failed: Component 'org.neo4j.server.database.LifecycleManagingDatabase@4833eff3' was successfully initialized, but failed to start. Please see the attached cause exception "Address 127.0.0.1:7687 is already in use, cannot bind to it.". Starting Neo4j failed: Component 'org.neo4j.server.database.LifecycleManagingDatabase@4833eff3' was successfully initialized, but failed to start. Please see the attached cause exception "Address 127.0.0.1:7687 is already in use, cannot bind to it.".
org.neo4j.server.ServerStartupException: Starting Neo4j failed: Component 'org.neo4j.server.database.LifecycleManagingDatabase@4833eff3' was successfully initialized, but failed to start. Please see the attached cause exception "Address 127.0.0.1:7687 is already in use, cannot bind to it.".
	at org.neo4j.server.exception.ServerStartupErrors.translateToServerStartupError(ServerStartupErrors.java:45)
	at org.neo4j.server.AbstractNeoServer.start(AbstractNeoServer.java:187)
	at org.neo4j.server.ServerBootstrapper.start(ServerBootstrapper.java:124)
	at org.neo4j.server.ServerBootstrapper.start(ServerBootstrapper.java:91)
	at org.neo4j.server.CommunityEntryPoint.main(CommunityEntryPoint.java:32)
Caused by: org.neo4j.kernel.lifecycle.LifecycleException: Component 'org.neo4j.server.database.LifecycleManagingDatabase@4833eff3' was successfully initialized, but failed to start. Please see the attached cause exception "Address 127.0.0.1:7687 is already in use, cannot bind to it.".
	at org.neo4j.kernel.lifecycle.LifeSupport$LifecycleInstance.start(LifeSupport.java:473)
	at org.neo4j.kernel.lifecycle.LifeSupport.start(LifeSupport.java:111)
	at org.neo4j.server.AbstractNeoServer.start(AbstractNeoServer.java:180)
	... 3 more
Caused by: java.lang.RuntimeException: Error starting org.neo4j.graphdb.facade.GraphDatabaseFacadeFactory, /home/fabiofreire/Penas_SI/fiocruz/neo4j-community-3.5.6/data/databases
	at org.neo4j.graphdb.facade.GraphDatabaseFacadeFactory.initFacade(GraphDatabaseFacadeFactory.java:230)
	at org.neo4j.graphdb.facade.GraphDatabaseFacadeFactory.newFacade(GraphDatabaseFacadeFactory.java:146)
	at org.neo4j.server.database.CommunityGraphFactory.newGraphDatabase(CommunityGraphFactory.java:41)
	at org.neo4j.server.database.LifecycleManagingDatabase.start(LifecycleManagingDatabase.java:90)
	at org.neo4j.kernel.lifecycle.LifeSupport$LifecycleInstance.start(LifeSupport.java:452)
	... 5 more
Caused by: org.neo4j.kernel.lifecycle.LifecycleException: Component 'org.neo4j.bolt.transport.NettyServer@1db7157f' was successfully initialized, but failed to start. Please see the attached cause exception "Address 127.0.0.1:7687 is already in use, cannot bind to it.".
	at org.neo4j.kernel.lifecycle.LifeSupport$LifecycleInstance.start(LifeSupport.java:473)
	at org.neo4j.kernel.lifecycle.LifeSupport.start(LifeSupport.java:111)
	at org.neo4j.bolt.BoltServer.start(BoltServer.java:129)
	at org.neo4j.kernel.lifecycle.LifeSupport$LifecycleInstance.start(LifeSupport.java:452)
	at org.neo4j.kernel.lifecycle.LifeSupport.start(LifeSupport.java:111)
	at org.neo4j.graphdb.facade.GraphDatabaseFacadeFactory.initFacade(GraphDatabaseFacadeFactory.java:225)
	... 9 more
Caused by: org.neo4j.helpers.PortBindException: Address 127.0.0.1:7687 is already in use, cannot bind to it.
	at io.netty.channel.unix.Errors.newIOException(Errors.java:122)
	at io.netty.channel.unix.Socket.bind(Socket.java:287)
	at io.netty.channel.epoll.AbstractEpollChannel.doBind(AbstractEpollChannel.java:684)
	at io.netty.channel.epoll.EpollServerSocketChannel.doBind(EpollServerSocketChannel.java:70)
	at io.netty.channel.AbstractChannel$AbstractUnsafe.bind(AbstractChannel.java:562)
	at io.netty.channel.DefaultChannelPipeline$HeadContext.bind(DefaultChannelPipeline.java:1358)
	at io.netty.channel.AbstractChannelHandlerContext.invokeBind(AbstractChannelHandlerContext.java:501)
	at io.netty.channel.AbstractChannelHandlerContext.bind(AbstractChannelHandlerContext.java:486)
	at io.netty.channel.DefaultChannelPipeline.bind(DefaultChannelPipeline.java:1019)
	at io.netty.channel.AbstractChannel.bind(AbstractChannel.java:258)
	at io.netty.bootstrap.AbstractBootstrap$2.run(AbstractBootstrap.java:366)
	at io.netty.util.concurrent.AbstractEventExecutor.safeExecute(AbstractEventExecutor.java:163)
	at io.netty.util.concurrent.SingleThreadEventExecutor.runAllTasks(SingleThreadEventExecutor.java:404)
	at io.netty.channel.epoll.EpollEventLoop.run(EpollEventLoop.java:335)
	at io.netty.util.concurrent.SingleThreadEventExecutor$5.run(SingleThreadEventExecutor.java:909)
	at java.base/java.lang.Thread.run(Thread.java:834)
2019-06-17 23:52:32.110+0000 INFO  Neo4j Server shutdown initiated by request
nohup: ignorando entrada
2019-06-17 23:53:22.083+0000 WARN  You are using an unsupported version of the Java runtime. Please use Oracle(R) Java(TM) Runtime Environment 8, OpenJDK(TM) 8 or IBM J9.
2019-06-17 23:53:22.093+0000 INFO  ======== Neo4j 3.5.6 ========
2019-06-17 23:53:22.101+0000 INFO  Starting...
WARNING: An illegal reflective access operation has occurred
WARNING: Illegal reflective access by org.eclipse.collections.impl.utility.ArrayListIterate (file:/home/fabiofreire/Penas_SI/fiocruz/neo4j-community-3.5.6/lib/eclipse-collections-9.2.0.jar) to field java.util.ArrayList.elementData
WARNING: Please consider reporting this to the maintainers of org.eclipse.collections.impl.utility.ArrayListIterate
WARNING: Use --illegal-access=warn to enable warnings of further illegal reflective access operations
WARNING: All illegal access operations will be denied in a future release
2019-06-17 23:53:24.547+0000 ERROR Failed to start Neo4j: Starting Neo4j failed: Component 'org.neo4j.server.database.LifecycleManagingDatabase@4833eff3' was successfully initialized, but failed to start. Please see the attached cause exception "Address 127.0.0.1:7687 is already in use, cannot bind to it.". Starting Neo4j failed: Component 'org.neo4j.server.database.LifecycleManagingDatabase@4833eff3' was successfully initialized, but failed to start. Please see the attached cause exception "Address 127.0.0.1:7687 is already in use, cannot bind to it.".
org.neo4j.server.ServerStartupException: Starting Neo4j failed: Component 'org.neo4j.server.database.LifecycleManagingDatabase@4833eff3' was successfully initialized, but failed to start. Please see the attached cause exception "Address 127.0.0.1:7687 is already in use, cannot bind to it.".
	at org.neo4j.server.exception.ServerStartupErrors.translateToServerStartupError(ServerStartupErrors.java:45)
	at org.neo4j.server.AbstractNeoServer.start(AbstractNeoServer.java:187)
	at org.neo4j.server.ServerBootstrapper.start(ServerBootstrapper.java:124)
	at org.neo4j.server.ServerBootstrapper.start(ServerBootstrapper.java:91)
	at org.neo4j.server.CommunityEntryPoint.main(CommunityEntryPoint.java:32)
Caused by: org.neo4j.kernel.lifecycle.LifecycleException: Component 'org.neo4j.server.database.LifecycleManagingDatabase@4833eff3' was successfully initialized, but failed to start. Please see the attached cause exception "Address 127.0.0.1:7687 is already in use, cannot bind to it.".
	at org.neo4j.kernel.lifecycle.LifeSupport$LifecycleInstance.start(LifeSupport.java:473)
	at org.neo4j.kernel.lifecycle.LifeSupport.start(LifeSupport.java:111)
	at org.neo4j.server.AbstractNeoServer.start(AbstractNeoServer.java:180)
	... 3 more
Caused by: java.lang.RuntimeException: Error starting org.neo4j.graphdb.facade.GraphDatabaseFacadeFactory, /home/fabiofreire/Penas_SI/fiocruz/neo4j-community-3.5.6/data/databases
	at org.neo4j.graphdb.facade.GraphDatabaseFacadeFactory.initFacade(GraphDatabaseFacadeFactory.java:230)
	at org.neo4j.graphdb.facade.GraphDatabaseFacadeFactory.newFacade(GraphDatabaseFacadeFactory.java:146)
	at org.neo4j.server.database.CommunityGraphFactory.newGraphDatabase(CommunityGraphFactory.java:41)
	at org.neo4j.server.database.LifecycleManagingDatabase.start(LifecycleManagingDatabase.java:90)
	at org.neo4j.kernel.lifecycle.LifeSupport$LifecycleInstance.start(LifeSupport.java:452)
	... 5 more
Caused by: org.neo4j.kernel.lifecycle.LifecycleException: Component 'org.neo4j.bolt.transport.NettyServer@1db7157f' was successfully initialized, but failed to start. Please see the attached cause exception "Address 127.0.0.1:7687 is already in use, cannot bind to it.".
	at org.neo4j.kernel.lifecycle.LifeSupport$LifecycleInstance.start(LifeSupport.java:473)
	at org.neo4j.kernel.lifecycle.LifeSupport.start(LifeSupport.java:111)
	at org.neo4j.bolt.BoltServer.start(BoltServer.java:129)
	at org.neo4j.kernel.lifecycle.LifeSupport$LifecycleInstance.start(LifeSupport.java:452)
	at org.neo4j.kernel.lifecycle.LifeSupport.start(LifeSupport.java:111)
	at org.neo4j.graphdb.facade.GraphDatabaseFacadeFactory.initFacade(GraphDatabaseFacadeFactory.java:225)
	... 9 more
Caused by: org.neo4j.helpers.PortBindException: Address 127.0.0.1:7687 is already in use, cannot bind to it.
	at io.netty.channel.unix.Errors.newIOException(Errors.java:122)
	at io.netty.channel.unix.Socket.bind(Socket.java:287)
	at io.netty.channel.epoll.AbstractEpollChannel.doBind(AbstractEpollChannel.java:684)
	at io.netty.channel.epoll.EpollServerSocketChannel.doBind(EpollServerSocketChannel.java:70)
	at io.netty.channel.AbstractChannel$AbstractUnsafe.bind(AbstractChannel.java:562)
	at io.netty.channel.DefaultChannelPipeline$HeadContext.bind(DefaultChannelPipeline.java:1358)
	at io.netty.channel.AbstractChannelHandlerContext.invokeBind(AbstractChannelHandlerContext.java:501)
	at io.netty.channel.AbstractChannelHandlerContext.bind(AbstractChannelHandlerContext.java:486)
	at io.netty.channel.DefaultChannelPipeline.bind(DefaultChannelPipeline.java:1019)
	at io.netty.channel.AbstractChannel.bind(AbstractChannel.java:258)
	at io.netty.bootstrap.AbstractBootstrap$2.run(AbstractBootstrap.java:366)
	at io.netty.util.concurrent.AbstractEventExecutor.safeExecute(AbstractEventExecutor.java:163)
	at io.netty.util.concurrent.SingleThreadEventExecutor.runAllTasks(SingleThreadEventExecutor.java:404)
	at io.netty.channel.epoll.EpollEventLoop.run(EpollEventLoop.java:335)
	at io.netty.util.concurrent.SingleThreadEventExecutor$5.run(SingleThreadEventExecutor.java:909)
	at java.base/java.lang.Thread.run(Thread.java:834)
2019-06-17 23:53:24.547+0000 INFO  Neo4j Server shutdown initiated by request
nohup: ignorando entrada
2019-06-17 23:58:20.384+0000 WARN  You are using an unsupported version of the Java runtime. Please use Oracle(R) Java(TM) Runtime Environment 8, OpenJDK(TM) 8 or IBM J9.
2019-06-17 23:58:20.395+0000 INFO  ======== Neo4j 3.5.6 ========
2019-06-17 23:58:20.403+0000 INFO  Starting...
WARNING: An illegal reflective access operation has occurred
WARNING: Illegal reflective access by org.eclipse.collections.impl.utility.ArrayListIterate (file:/home/fabiofreire/Penas_SI/fiocruz/neo4j-community-3.5.6/lib/eclipse-collections-9.2.0.jar) to field java.util.ArrayList.elementData
WARNING: Please consider reporting this to the maintainers of org.eclipse.collections.impl.utility.ArrayListIterate
WARNING: Use --illegal-access=warn to enable warnings of further illegal reflective access operations
WARNING: All illegal access operations will be denied in a future release
2019-06-17 23:58:23.294+0000 INFO  Bolt enabled on 127.0.0.1:7687.
2019-06-17 23:58:25.257+0000 INFO  Started.
2019-06-17 23:58:26.687+0000 INFO  Remote interface available at http://localhost:7474/
2019-06-17 23:58:30.284+0000 WARN  The client is unauthorized due to authentication failure.
2019-06-17 23:58:30.305+0000 WARN  The client is unauthorized due to authentication failure.
2019-06-17 23:58:35.067+0000 WARN  The client is unauthorized due to authentication failure.
2019-06-17 23:58:35.084+0000 WARN  The client is unauthorized due to authentication failure.
2019-06-17 23:58:44.983+0000 WARN  The client is unauthorized due to authentication failure.
nohup: ignorando entrada
2019-06-21 19:12:29.225+0000 WARN  You are using an unsupported version of the Java runtime. Please use Oracle(R) Java(TM) Runtime Environment 8, OpenJDK(TM) 8 or IBM J9.
2019-06-21 19:12:29.234+0000 INFO  ======== Neo4j 3.5.6 ========
2019-06-21 19:12:29.242+0000 INFO  Starting...
WARNING: An illegal reflective access operation has occurred
WARNING: Illegal reflective access by org.eclipse.collections.impl.utility.ArrayListIterate (file:/home/fabiofreire/Penas_SI/fiocruz/neo4j-community-3.5.6/lib/eclipse-collections-9.2.0.jar) to field java.util.ArrayList.elementData
WARNING: Please consider reporting this to the maintainers of org.eclipse.collections.impl.utility.ArrayListIterate
WARNING: Use --illegal-access=warn to enable warnings of further illegal reflective access operations
WARNING: All illegal access operations will be denied in a future release
2019-06-21 19:12:32.093+0000 INFO  Bolt enabled on 127.0.0.1:7687.
2019-06-21 19:12:33.652+0000 INFO  Started.
2019-06-21 19:12:35.017+0000 INFO  Remote interface available at http://localhost:7474/
2019-06-21 19:12:51.530+0000 WARN  The client is unauthorized due to authentication failure.
2019-06-21 21:35:40.688+0000 WARN  The client is unauthorized due to authentication failure.
2019-06-21 21:35:43.483+0000 WARN  The client is unauthorized due to authentication failure.
2019-06-21 21:35:45.266+0000 WARN  The client is unauthorized due to authentication failure.
2019-06-21 22:18:12.583+0000 WARN  The client is unauthorized due to authentication failure.
2019-06-21 22:18:25.228+0000 WARN  The client is unauthorized due to authentication failure.
2019-06-22 00:31:46.131+0000 WARN  The client is unauthorized due to authentication failure.
2019-06-22 20:59:26.753+0000 WARN  The client is unauthorized due to authentication failure.
nohup: ignorando entrada
2019-06-23 02:35:20.935+0000 WARN  You are using an unsupported version of the Java runtime. Please use Oracle(R) Java(TM) Runtime Environment 8, OpenJDK(TM) 8 or IBM J9.
2019-06-23 02:35:20.945+0000 INFO  ======== Neo4j 3.5.6 ========
2019-06-23 02:35:20.955+0000 INFO  Starting...
WARNING: An illegal reflective access operation has occurred
WARNING: Illegal reflective access by org.eclipse.collections.impl.utility.ArrayListIterate (file:/home/fabiofreire/Penas_SI/fiocruz/neo4j-community-3.5.6/lib/eclipse-collections-9.2.0.jar) to field java.util.ArrayList.elementData
WARNING: Please consider reporting this to the maintainers of org.eclipse.collections.impl.utility.ArrayListIterate
WARNING: Use --illegal-access=warn to enable warnings of further illegal reflective access operations
WARNING: All illegal access operations will be denied in a future release
2019-06-23 02:35:23.878+0000 INFO  Bolt enabled on 127.0.0.1:7687.
2019-06-23 02:35:25.611+0000 INFO  Started.
2019-06-23 02:35:27.136+0000 INFO  Remote interface available at http://localhost:7474/
2019-06-23 02:35:33.743+0000 WARN  The client is unauthorized due to authentication failure.
